# JRE version: OpenJDK Runtime Environment Corretto-17.0.9.8.1 (17.0.9+8) (build 17.0.9+8-LTS)
# Java VM: OpenJDK 64-Bit Server VM Corretto-17.0.9.8.1 (17.0.9+8-LTS, mixed mode, sharing, tiered, compressed oops, compressed class ptrs, g1 gc, windows-amd64)
GC Precious Log:
 CPUs: 4 total, 4 available
 Memory: 6078M
 Large Page Support: Disabled
 NUMA Support: Disabled
 Compressed Oops: Enabled (32-bit)
 Heap Region Size: 1M
 Heap Min Capacity: 8M
 Heap Initial Capacity: 96M
 Heap Max Capacity: 1520M
 Pre-touch: Disabled
 Parallel Workers: 4
 Concurrent Workers: 1
 Concurrent Refinement Workers: 4
 Periodic GC: Disabled
Heap:
 garbage-first heap   total 102400K, used 42890K [0x00000000a1000000, 0x0000000100000000)
  region size 1024K, 12 young (12288K), 6 survivors (6144K)
 Metaspace       used 74923K, committed 75520K, reserved 1114112K
  class space    used 10587K, committed 10880K, reserved 1048576K
GC Heap History (20 events):
Event: 9.185 GC heap before
{Heap before GC invocations=8 (full 0):
 garbage-first heap   total 58368K, used 42214K [0x00000000a1000000, 0x0000000100000000)
  region size 1024K, 24 young (24576K), 3 survivors (3072K)
 Metaspace       used 32432K, committed 32768K, reserved 1114112K
  class space    used 4256K, committed 4416K, reserved 1048576K
}
Event: 9.191 GC heap after
{Heap after GC invocations=9 (full 0):
 garbage-first heap   total 58368K, used 21316K [0x00000000a1000000, 0x0000000100000000)
  region size 1024K, 2 young (2048K), 2 survivors (2048K)
 Metaspace       used 32432K, committed 32768K, reserved 1114112K
  class space    used 4256K, committed 4416K, reserved 1048576K
}
Event: 9.918 GC heap before
{Heap before GC invocations=9 (full 0):
 garbage-first heap   total 58368K, used 32580K [0x00000000a1000000, 0x0000000100000000)
  region size 1024K, 15 young (15360K), 2 survivors (2048K)
 Metaspace       used 35645K, committed 36096K, reserved 1114112K
  class space    used 4719K, committed 4992K, reserved 1048576K
}
Event: 9.922 GC heap after
{Heap after GC invocations=10 (full 0):
 garbage-first heap   total 58368K, used 21736K [0x00000000a1000000, 0x0000000100000000)
  region size 1024K, 3 young (3072K), 3 survivors (3072K)
 Metaspace       used 35645K, committed 36096K, reserved 1114112K
  class space    used 4719K, committed 4992K, reserved 1048576K
}
Event: 10.948 GC heap before
{Heap before GC invocations=11 (full 0):
 garbage-first heap   total 58368K, used 42216K [0x00000000a1000000, 0x0000000100000000)
  region size 1024K, 24 young (24576K), 3 survivors (3072K)
 Metaspace       used 40718K, committed 41152K, reserved 1114112K
  class space    used 5473K, committed 5696K, reserved 1048576K
}
Event: 10.953 GC heap after
{Heap after GC invocations=12 (full 0):
 garbage-first heap   total 58368K, used 23332K [0x00000000a1000000, 0x0000000100000000)
  region size 1024K, 3 young (3072K), 3 survivors (3072K)
 Metaspace       used 40718K, committed 41152K, reserved 1114112K
  class space    used 5473K, committed 5696K, reserved 1048576K
}
Event: 10.987 GC heap before
{Heap before GC invocations=12 (full 0):
 garbage-first heap   total 58368K, used 24356K [0x00000000a1000000, 0x0000000100000000)
  region size 1024K, 4 young (4096K), 3 survivors (3072K)
 Metaspace       used 41014K, committed 41472K, reserved 1114112K
  class space    used 5514K, committed 5760K, reserved 1048576K
}
Event: 10.992 GC heap after
{Heap after GC invocations=13 (full 0):
 garbage-first heap   total 58368K, used 22757K [0x00000000a1000000, 0x0000000100000000)
  region size 1024K, 1 young (1024K), 1 survivors (1024K)
 Metaspace       used 41014K, committed 41472K, reserved 1114112K
  class space    used 5514K, committed 5760K, reserved 1048576K
}
Event: 12.070 GC heap before
{Heap before GC invocations=13 (full 0):
 garbage-first heap   total 58368K, used 44261K [0x00000000a1000000, 0x0000000100000000)
  region size 1024K, 22 young (22528K), 1 survivors (1024K)
 Metaspace       used 46438K, committed 46912K, reserved 1114112K
  class space    used 6231K, committed 6400K, reserved 1048576K
}
Event: 12.074 GC heap after
{Heap after GC invocations=14 (full 0):
 garbage-first heap   total 103424K, used 24528K [0x00000000a1000000, 0x0000000100000000)
  region size 1024K, 3 young (3072K), 3 survivors (3072K)
 Metaspace       used 46438K, committed 46912K, reserved 1114112K
  class space    used 6231K, committed 6400K, reserved 1048576K
}
Event: 13.676 GC heap before
{Heap before GC invocations=14 (full 0):
 garbage-first heap   total 103424K, used 73680K [0x00000000a1000000, 0x0000000100000000)
  region size 1024K, 52 young (53248K), 3 survivors (3072K)
 Metaspace       used 57826K, committed 58432K, reserved 1114112K
  class space    used 7971K, committed 8256K, reserved 1048576K
}
Event: 13.682 GC heap after
{Heap after GC invocations=15 (full 0):
 garbage-first heap   total 103424K, used 26396K [0x00000000a1000000, 0x0000000100000000)
  region size 1024K, 4 young (4096K), 4 survivors (4096K)
 Metaspace       used 57826K, committed 58432K, reserved 1114112K
  class space    used 7971K, committed 8256K, reserved 1048576K
}
Event: 14.347 GC heap before
{Heap before GC invocations=15 (full 0):
 garbage-first heap   total 103424K, used 38684K [0x00000000a1000000, 0x0000000100000000)
  region size 1024K, 17 young (17408K), 4 survivors (4096K)
 Metaspace       used 60002K, committed 60608K, reserved 1114112K
  class space    used 8212K, committed 8512K, reserved 1048576K
}
Event: 14.355 GC heap after
{Heap after GC invocations=16 (full 0):
 garbage-first heap   total 103424K, used 27827K [0x00000000a1000000, 0x0000000100000000)
  region size 1024K, 4 young (4096K), 4 survivors (4096K)
 Metaspace       used 60002K, committed 60608K, reserved 1114112K
  class space    used 8212K, committed 8512K, reserved 1048576K
}
Event: 15.704 GC heap before
{Heap before GC invocations=17 (full 0):
 garbage-first heap   total 102400K, used 79027K [0x00000000a1000000, 0x0000000100000000)
  region size 1024K, 55 young (56320K), 4 survivors (4096K)
 Metaspace       used 66418K, committed 67008K, reserved 1114112K
  class space    used 9436K, committed 9728K, reserved 1048576K
}
Event: 15.718 GC heap after
{Heap after GC invocations=18 (full 0):
 garbage-first heap   total 102400K, used 31742K [0x00000000a1000000, 0x0000000100000000)
  region size 1024K, 7 young (7168K), 7 survivors (7168K)
 Metaspace       used 66418K, committed 67008K, reserved 1114112K
  class space    used 9436K, committed 9728K, reserved 1048576K
}
Event: 16.557 GC heap before
{Heap before GC invocations=19 (full 0):
 garbage-first heap   total 102400K, used 78846K [0x00000000a1000000, 0x0000000100000000)
  region size 1024K, 53 young (54272K), 7 survivors (7168K)
 Metaspace       used 68382K, committed 68928K, reserved 1114112K
  class space    used 9670K, committed 9920K, reserved 1048576K
}
Event: 16.570 GC heap after
{Heap after GC invocations=20 (full 0):
 garbage-first heap   total 102400K, used 33955K [0x00000000a1000000, 0x0000000100000000)
  region size 1024K, 3 young (3072K), 3 survivors (3072K)
 Metaspace       used 68382K, committed 68928K, reserved 1114112K
  class space    used 9670K, committed 9920K, reserved 1048576K
}
Event: 18.220 GC heap before
{Heap before GC invocations=20 (full 0):
 garbage-first heap   total 102400K, used 80035K [0x00000000a1000000, 0x0000000100000000)
  region size 1024K, 48 young (49152K), 3 survivors (3072K)
 Metaspace       used 73603K, committed 74240K, reserved 1114112K
  class space    used 10416K, committed 10752K, reserved 1048576K
}
Event: 18.231 GC heap after
{Heap after GC invocations=21 (full 0):
 garbage-first heap   total 102400K, used 38794K [0x00000000a1000000, 0x0000000100000000)
  region size 1024K, 6 young (6144K), 6 survivors (6144K)
 Metaspace       used 73603K, committed 74240K, reserved 1114112K
  class space    used 10416K, committed 10752K, reserved 1048576K
}

