# JRE version: OpenJDK Runtime Environment Corretto-17.0.14.7.1 (17.0.14+7) (build 17.0.14+7-LTS)
# Java VM: OpenJDK 64-Bit Server VM Corretto-17.0.14.7.1 (17.0.14+7-LTS, mixed mode, emulated-client, tiered, compressed oops, compressed class ptrs, g1 gc, windows-amd64)
GC Precious Log:
 CPUs: 4 total, 4 available
 Memory: 6078M
 Large Page Support: Disabled
 NUMA Support: Disabled
 Compressed Oops: Enabled (32-bit)
 Heap Region Size: 1M
 Heap Min Capacity: 8M
 Heap Initial Capacity: 96M
 Heap Max Capacity: 1520M
 Pre-touch: Disabled
 Parallel Workers: 4
 Concurrent Workers: 1
 Concurrent Refinement Workers: 4
 Periodic GC: Disabled
Heap:
 garbage-first heap   total 48128K, used 31932K [0x00000000a1000000, 0x0000000100000000)
  region size 1024K, 21 young (21504K), 3 survivors (3072K)
 Metaspace       used 31293K, committed 31616K, reserved 1114112K
  class space    used 3814K, committed 3968K, reserved 1048576K
GC Heap History (12 events):
Event: 61.802 GC heap before
{Heap before GC invocations=0 (full 0):
 garbage-first heap   total 98304K, used 15360K [0x00000000a1000000, 0x0000000100000000)
  region size 1024K, 13 young (13312K), 0 survivors (0K)
 Metaspace       used 8681K, committed 8896K, reserved 1114112K
  class space    used 737K, committed 832K, reserved 1048576K
}
Event: 61.882 GC heap after
{Heap after GC invocations=1 (full 0):
 garbage-first heap   total 98304K, used 8240K [0x00000000a1000000, 0x0000000100000000)
  region size 1024K, 2 young (2048K), 2 survivors (2048K)
 Metaspace       used 8681K, committed 8896K, reserved 1114112K
  class space    used 737K, committed 832K, reserved 1048576K
}
Event: 66.794 GC heap before
{Heap before GC invocations=1 (full 0):
 garbage-first heap   total 98304K, used 12336K [0x00000000a1000000, 0x0000000100000000)
  region size 1024K, 7 young (7168K), 2 survivors (2048K)
 Metaspace       used 12117K, committed 12352K, reserved 1114112K
  class space    used 1162K, committed 1280K, reserved 1048576K
}
Event: 66.802 GC heap after
{Heap after GC invocations=2 (full 0):
 garbage-first heap   total 98304K, used 9573K [0x00000000a1000000, 0x0000000100000000)
  region size 1024K, 1 young (1024K), 1 survivors (1024K)
 Metaspace       used 12117K, committed 12352K, reserved 1114112K
  class space    used 1162K, committed 1280K, reserved 1048576K
}
Event: 81.946 GC heap before
{Heap before GC invocations=2 (full 0):
 garbage-first heap   total 98304K, used 26981K [0x00000000a1000000, 0x0000000100000000)
  region size 1024K, 18 young (18432K), 1 survivors (1024K)
 Metaspace       used 17292K, committed 17536K, reserved 1114112K
  class space    used 1809K, committed 1920K, reserved 1048576K
}
Event: 81.952 GC heap after
{Heap after GC invocations=3 (full 0):
 garbage-first heap   total 98304K, used 10588K [0x00000000a1000000, 0x0000000100000000)
  region size 1024K, 2 young (2048K), 2 survivors (2048K)
 Metaspace       used 17292K, committed 17536K, reserved 1114112K
  class space    used 1809K, committed 1920K, reserved 1048576K
}
Event: 88.546 GC heap before
{Heap before GC invocations=3 (full 0):
 garbage-first heap   total 98304K, used 31068K [0x00000000a1000000, 0x0000000100000000)
  region size 1024K, 23 young (23552K), 2 survivors (2048K)
 Metaspace       used 21274K, committed 21504K, reserved 1114112K
  class space    used 2453K, committed 2560K, reserved 1048576K
}
Event: 88.586 GC heap after
{Heap after GC invocations=4 (full 0):
 garbage-first heap   total 98304K, used 11937K [0x00000000a1000000, 0x0000000100000000)
  region size 1024K, 4 young (4096K), 4 survivors (4096K)
 Metaspace       used 21274K, committed 21504K, reserved 1114112K
  class space    used 2453K, committed 2560K, reserved 1048576K
}
Event: 93.608 GC heap before
{Heap before GC invocations=5 (full 0):
 garbage-first heap   total 48128K, used 36513K [0x00000000a1000000, 0x0000000100000000)
  region size 1024K, 28 young (28672K), 4 survivors (4096K)
 Metaspace       used 25426K, committed 25728K, reserved 1114112K
  class space    used 3110K, committed 3264K, reserved 1048576K
}
Event: 93.616 GC heap after
{Heap after GC invocations=6 (full 0):
 garbage-first heap   total 48128K, used 13207K [0x00000000a1000000, 0x0000000100000000)
  region size 1024K, 3 young (3072K), 3 survivors (3072K)
 Metaspace       used 25426K, committed 25728K, reserved 1114112K
  class space    used 3110K, committed 3264K, reserved 1048576K
}
Event: 98.067 GC heap before
{Heap before GC invocations=6 (full 0):
 garbage-first heap   total 48128K, used 31639K [0x00000000a1000000, 0x0000000100000000)
  region size 1024K, 22 young (22528K), 3 survivors (3072K)
 Metaspace       used 29103K, committed 29376K, reserved 1114112K
  class space    used 3509K, committed 3648K, reserved 1048576K
}
Event: 98.077 GC heap after
{Heap after GC invocations=7 (full 0):
 garbage-first heap   total 48128K, used 14524K [0x00000000a1000000, 0x0000000100000000)
  region size 1024K, 3 young (3072K), 3 survivors (3072K)
 Metaspace       used 29103K, committed 29376K, reserved 1114112K
  class space    used 3509K, committed 3648K, reserved 1048576K
}

